This is pdfTeX, Version 3.1415926-2.5-1.40.14 (TeX Live 2013) (format=pdflatex 2014.5.11)  8 MAR 2017 13:51
entering extended mode
 restricted \write18 enabled.
 %&-line parsing enabled.
**draft_computational_modelling_paper.tex
(./draft_computational_modelling_paper.tex
LaTeX2e <2011/06/27>
Babel <3.9f> and hyphenation patterns for 78 languages loaded.
(./IEEEtran.cls
Document Class: IEEEtran 2007/03/05 V1.7a by Michael Shell
-- See the "IEEEtran_HOWTO" manual for usage information.
-- http://www.michaelshell.org/tex/ieeetran/
\@IEEEtrantmpdimenA=\dimen102
\@IEEEtrantmpdimenB=\dimen103
\@IEEEtrantmpcountA=\count79
\@IEEEtrantmpcountB=\count80
\@IEEEtrantmptoksA=\toks14
-- Using IEEE Computer Society mode.
LaTeX Font Info:    Try loading font information for OT1+ppl on input line 377.

(/usr/local/texlive/2013/texmf-dist/tex/latex/psnfss/ot1ppl.fd
File: ot1ppl.fd 2001/06/04 font definitions for OT1/ppl.
)
-- Using 7.875in x 10.75in (letter) paper.
-- Using PDF output.
\@IEEEnormalsizeunitybaselineskip=\dimen104
-- This is a 10 point document.
\CLASSINFOnormalsizebaselineskip=\dimen105
\CLASSINFOnormalsizeunitybaselineskip=\dimen106
\IEEEnormaljot=\dimen107
LaTeX Font Info:    Font shape `OT1/ppl/bx/n' in size <5> not available
(Font)              Font shape `OT1/ppl/b/n' tried instead on input line 735.
LaTeX Font Info:    Font shape `OT1/ppl/bx/it' in size <5> not available
(Font)              Font shape `OT1/ppl/b/it' tried instead on input line 735.
LaTeX Font Info:    Font shape `OT1/ppl/bx/n' in size <7> not available
(Font)              Font shape `OT1/ppl/b/n' tried instead on input line 735.
LaTeX Font Info:    Font shape `OT1/ppl/bx/it' in size <7> not available
(Font)              Font shape `OT1/ppl/b/it' tried instead on input line 735.
LaTeX Font Info:    Font shape `OT1/ppl/bx/n' in size <8> not available
(Font)              Font shape `OT1/ppl/b/n' tried instead on input line 735.
LaTeX Font Info:    Font shape `OT1/ppl/bx/it' in size <8> not available
(Font)              Font shape `OT1/ppl/b/it' tried instead on input line 735.
LaTeX Font Info:    Font shape `OT1/ppl/bx/n' in size <9> not available
(Font)              Font shape `OT1/ppl/b/n' tried instead on input line 735.
LaTeX Font Info:    Font shape `OT1/ppl/bx/it' in size <9> not available
(Font)              Font shape `OT1/ppl/b/it' tried instead on input line 735.
LaTeX Font Info:    Font shape `OT1/ppl/bx/n' in size <10> not available
(Font)              Font shape `OT1/ppl/b/n' tried instead on input line 735.
LaTeX Font Info:    Font shape `OT1/ppl/bx/it' in size <10> not available
(Font)              Font shape `OT1/ppl/b/it' tried instead on input line 735.
LaTeX Font Info:    Font shape `OT1/ppl/bx/n' in size <11> not available
(Font)              Font shape `OT1/ppl/b/n' tried instead on input line 735.
LaTeX Font Info:    Font shape `OT1/ppl/bx/it' in size <11> not available
(Font)              Font shape `OT1/ppl/b/it' tried instead on input line 735.
LaTeX Font Info:    Font shape `OT1/ppl/bx/n' in size <12> not available
(Font)              Font shape `OT1/ppl/b/n' tried instead on input line 735.
LaTeX Font Info:    Font shape `OT1/ppl/bx/it' in size <12> not available
(Font)              Font shape `OT1/ppl/b/it' tried instead on input line 735.
LaTeX Font Info:    Font shape `OT1/ppl/bx/n' in size <17> not available
(Font)              Font shape `OT1/ppl/b/n' tried instead on input line 735.
LaTeX Font Info:    Font shape `OT1/ppl/bx/it' in size <17> not available
(Font)              Font shape `OT1/ppl/b/it' tried instead on input line 735.
LaTeX Font Info:    Font shape `OT1/ppl/bx/n' in size <20> not available
(Font)              Font shape `OT1/ppl/b/n' tried instead on input line 735.
LaTeX Font Info:    Font shape `OT1/ppl/bx/it' in size <20> not available
(Font)              Font shape `OT1/ppl/b/it' tried instead on input line 735.
LaTeX Font Info:    Font shape `OT1/ppl/bx/n' in size <24> not available
(Font)              Font shape `OT1/ppl/b/n' tried instead on input line 735.
LaTeX Font Info:    Font shape `OT1/ppl/bx/it' in size <24> not available
(Font)              Font shape `OT1/ppl/b/it' tried instead on input line 735.
\IEEEilabelindentA=\dimen108
\IEEEilabelindentB=\dimen109
\IEEEilabelindent=\dimen110
\IEEEelabelindent=\dimen111
\IEEEdlabelindent=\dimen112
\IEEElabelindent=\dimen113
\IEEEiednormlabelsep=\dimen114
\IEEEiedmathlabelsep=\dimen115
\IEEEiedtopsep=\skip41
\c@section=\count81
\c@subsection=\count82
\c@subsubsection=\count83
\c@paragraph=\count84
\c@IEEEsubequation=\count85
\abovecaptionskip=\skip42
\belowcaptionskip=\skip43
\c@figure=\count86
\c@table=\count87
\@IEEEeqnnumcols=\count88
\@IEEEeqncolcnt=\count89
\@IEEEtmpitemindent=\dimen116
\c@IEEEbiography=\count90
\@IEEEtranrubishbin=\box26
) (/usr/local/texlive/2013/texmf-dist/tex/latex/tools/array.sty
Package: array 2008/09/09 v2.4c Tabular extension package (FMi)
\col@sep=\dimen117
\extrarowheight=\dimen118
\NC@list=\toks15
\extratabsurround=\skip44
\backup@length=\skip45
)
(/usr/local/texlive/2013/texmf-dist/tex/latex/ms/ragged2e.sty
Package: ragged2e 2009/05/21 v2.1 ragged2e Package (MS)

(/usr/local/texlive/2013/texmf-dist/tex/latex/ms/everysel.sty
Package: everysel 2011/10/28 v1.2 EverySelectfont Package (MS)
)
\CenteringLeftskip=\skip46
\RaggedLeftLeftskip=\skip47
\RaggedRightLeftskip=\skip48
\CenteringRightskip=\skip49
\RaggedLeftRightskip=\skip50
\RaggedRightRightskip=\skip51
\CenteringParfillskip=\skip52
\RaggedLeftParfillskip=\skip53
\RaggedRightParfillskip=\skip54
\JustifyingParfillskip=\skip55
\CenteringParindent=\skip56
\RaggedLeftParindent=\skip57
\RaggedRightParindent=\skip58
\JustifyingParindent=\skip59
)
(/usr/local/texlive/2013/texmf-dist/tex/latex/cite/cite.sty
LaTeX Info: Redefining \cite on input line 302.
LaTeX Info: Redefining \nocite on input line 373.
Package: cite 2010/09/10  v 5.3
)
(/usr/local/texlive/2013/texmf-dist/tex/latex/graphics/graphicx.sty
Package: graphicx 1999/02/16 v1.0f Enhanced LaTeX Graphics (DPC,SPQR)

(/usr/local/texlive/2013/texmf-dist/tex/latex/graphics/keyval.sty
Package: keyval 1999/03/16 v1.13 key=value parser (DPC)
\KV@toks@=\toks16
)
(/usr/local/texlive/2013/texmf-dist/tex/latex/graphics/graphics.sty
Package: graphics 2009/02/05 v1.0o Standard LaTeX Graphics (DPC,SPQR)

(/usr/local/texlive/2013/texmf-dist/tex/latex/graphics/trig.sty
Package: trig 1999/03/16 v1.09 sin cos tan (DPC)
)
(/usr/local/texlive/2013/texmf-dist/tex/latex/latexconfig/graphics.cfg
File: graphics.cfg 2010/04/23 v1.9 graphics configuration of TeX Live
)
Package graphics Info: Driver file: pdftex.def on input line 91.

(/usr/local/texlive/2013/texmf-dist/tex/latex/pdftex-def/pdftex.def
File: pdftex.def 2011/05/27 v0.06d Graphics/color for pdfTeX

(/usr/local/texlive/2013/texmf-dist/tex/generic/oberdiek/infwarerr.sty
Package: infwarerr 2010/04/08 v1.3 Providing info/warning/error messages (HO)
)
(/usr/local/texlive/2013/texmf-dist/tex/generic/oberdiek/ltxcmds.sty
Package: ltxcmds 2011/11/09 v1.22 LaTeX kernel commands for general use (HO)
)
\Gread@gobject=\count91
))
\Gin@req@height=\dimen119
\Gin@req@width=\dimen120
)
(/usr/local/texlive/2013/texmf-dist/tex/latex/amsmath/amsmath.sty
Package: amsmath 2013/01/14 v2.14 AMS math features
\@mathmargin=\skip60

For additional information on amsmath, use the `?' option.
(/usr/local/texlive/2013/texmf-dist/tex/latex/amsmath/amstext.sty
Package: amstext 2000/06/29 v2.01

(/usr/local/texlive/2013/texmf-dist/tex/latex/amsmath/amsgen.sty
File: amsgen.sty 1999/11/30 v2.0
\@emptytoks=\toks17
\ex@=\dimen121
))
(/usr/local/texlive/2013/texmf-dist/tex/latex/amsmath/amsbsy.sty
Package: amsbsy 1999/11/29 v1.2d
\pmbraise@=\dimen122
)
(/usr/local/texlive/2013/texmf-dist/tex/latex/amsmath/amsopn.sty
Package: amsopn 1999/12/14 v2.01 operator names
)
\inf@bad=\count92
LaTeX Info: Redefining \frac on input line 210.
\uproot@=\count93
\leftroot@=\count94
LaTeX Info: Redefining \overline on input line 306.
\classnum@=\count95
\DOTSCASE@=\count96
LaTeX Info: Redefining \ldots on input line 378.
LaTeX Info: Redefining \dots on input line 381.
LaTeX Info: Redefining \cdots on input line 466.
\Mathstrutbox@=\box27
\strutbox@=\box28
\big@size=\dimen123
LaTeX Font Info:    Redeclaring font encoding OML on input line 566.
LaTeX Font Info:    Redeclaring font encoding OMS on input line 567.
\macc@depth=\count97
\c@MaxMatrixCols=\count98
\dotsspace@=\muskip10
\c@parentequation=\count99
\dspbrk@lvl=\count100
\tag@help=\toks18
\row@=\count101
\column@=\count102
\maxfields@=\count103
\andhelp@=\toks19
\eqnshift@=\dimen124
\alignsep@=\dimen125
\tagshift@=\dimen126
\tagwidth@=\dimen127
\totwidth@=\dimen128
\lineht@=\dimen129
\@envbody=\toks20
\multlinegap=\skip61
\multlinetaggap=\skip62
\mathdisplay@stack=\toks21
LaTeX Info: Redefining \[ on input line 2665.
LaTeX Info: Redefining \] on input line 2666.
)
(/usr/local/texlive/2013/texmf-dist/tex/latex/algorithms/algorithmic.sty
Package: algorithmic 2009/08/24 v0.1 Document Style `algorithmic'

(/usr/local/texlive/2013/texmf-dist/tex/latex/base/ifthen.sty
Package: ifthen 2001/05/26 v1.1c Standard LaTeX ifthen package (DPC)
)
\c@ALC@unique=\count104
\c@ALC@line=\count105
\c@ALC@rem=\count106
\c@ALC@depth=\count107
\ALC@tlm=\skip63
\algorithmicindent=\skip64
)
(/usr/local/texlive/2013/texmf-dist/tex/latex/amsfonts/amssymb.sty
Package: amssymb 2013/01/14 v3.01 AMS font symbols

(/usr/local/texlive/2013/texmf-dist/tex/latex/amsfonts/amsfonts.sty
Package: amsfonts 2013/01/14 v3.01 Basic AMSFonts support
\symAMSa=\mathgroup4
\symAMSb=\mathgroup5
LaTeX Font Info:    Overwriting math alphabet `\mathfrak' in version `bold'
(Font)                  U/euf/m/n --> U/euf/b/n on input line 106.
))
(/usr/local/texlive/2013/texmf-dist/tex/latex/was/gensymb.sty
Package: gensymb 2003/07/02 v1.0 (WaS)
)
(/usr/local/texlive/2013/texmf-dist/tex/latex/relsize/relsize.sty
Package: relsize 2013/03/29 ver 4.1
)
(/usr/local/texlive/2013/texmf-dist/tex/latex/subfig/subfig.sty
Package: subfig 2005/06/28 ver: 1.3 subfig package

(/usr/local/texlive/2013/texmf-dist/tex/latex/caption/caption.sty
Package: caption 2013/05/02 v3.3-89 Customizing captions (AR)

(/usr/local/texlive/2013/texmf-dist/tex/latex/caption/caption3.sty
Package: caption3 2013/05/02 v1.6-88 caption3 kernel (AR)
Package caption3 Info: TeX engine: e-TeX on input line 57.
\captionmargin=\dimen130
\captionmargin@=\dimen131
\captionwidth=\dimen132
\caption@tempdima=\dimen133
\caption@indent=\dimen134
\caption@parindent=\dimen135
\caption@hangindent=\dimen136
Package caption Info: Unknown document class (or package),
(caption)             standard defaults will be used.
)

Package caption Warning: Unsupported document class (or package) detected,
(caption)                usage of the caption package is not recommended.
See the caption package documentation for explanation.

Package caption Info: \@makecaption = \long macro:#1#2->\ifx \@captype \@IEEEta
blestring \normalsize \begin {center}{\normalfont \sffamily \normalsize #1}\\{\
normalfont \sffamily \normalsize #2}\end {center}\@IEEEtablecaptionsepspace \el
se \@IEEEfigurecaptionsepspace \setbox \@tempboxa \hbox {\normalfont \sffamily 
\normalsize {#1.}~ #2}\ifdim \wd \@tempboxa >\hsize \setbox \@tempboxa \hbox {\
normalfont \sffamily \normalsize {#1.}~ }\parbox [t]{\hsize }{\normalfont \sffa
mily \normalsize \noindent \unhbox \@tempboxa #2}\else \hbox to\hsize {\normalf
ont \sffamily \normalsize \box \@tempboxa \hfil }\fi \fi .
\c@ContinuedFloat=\count108
)
\c@KVtest=\count109
\sf@farskip=\skip65
\sf@captopadj=\dimen137
\sf@capskip=\skip66
\sf@nearskip=\skip67
\c@subfigure=\count110
\c@subfigure@save=\count111
\c@lofdepth=\count112
\c@subtable=\count113
\c@subtable@save=\count114
\c@lotdepth=\count115
\sf@top=\skip68
\sf@bottom=\skip69
) (/usr/local/texlive/2013/texmf-dist/tex/latex/graphics/epsfig.sty
Package: epsfig 1999/02/16 v1.7a (e)psfig emulation (SPQR)
\epsfxsize=\dimen138
\epsfysize=\dimen139
)
(./draft_computational_modelling_paper.aux

LaTeX Warning: Label `fig_without_norm_depen_vs_indepen' multiply defined.


LaTeX Warning: Label `fig_without_norm_depen_vs_indepen' multiply defined.


LaTeX Warning: Label `fig_without_norm_depen_vs_indepen' multiply defined.


LaTeX Warning: Label `fig_with_norm_depen_vs_indepen' multiply defined.


LaTeX Warning: Label `fig_with_norm_depen_vs_indepen' multiply defined.

)
\openout1 = `draft_computational_modelling_paper.aux'.

LaTeX Font Info:    Checking defaults for OML/cmm/m/it on input line 37.
LaTeX Font Info:    ... okay on input line 37.
LaTeX Font Info:    Checking defaults for T1/cmr/m/n on input line 37.
LaTeX Font Info:    ... okay on input line 37.
LaTeX Font Info:    Checking defaults for OT1/cmr/m/n on input line 37.
LaTeX Font Info:    ... okay on input line 37.
LaTeX Font Info:    Checking defaults for OMS/cmsy/m/n on input line 37.
LaTeX Font Info:    ... okay on input line 37.
LaTeX Font Info:    Checking defaults for OMX/cmex/m/n on input line 37.
LaTeX Font Info:    ... okay on input line 37.
LaTeX Font Info:    Checking defaults for U/cmr/m/n on input line 37.
LaTeX Font Info:    ... okay on input line 37.
 ABD: EverySelectfont initializing macros
LaTeX Info: Redefining \selectfont on input line 37.

(/usr/local/texlive/2013/texmf-dist/tex/context/base/supp-pdf.mkii
[Loading MPS to PDF converter (version 2006.09.02).]
\scratchcounter=\count116
\scratchdimen=\dimen140
\scratchbox=\box29
\nofMPsegments=\count117
\nofMParguments=\count118
\everyMPshowfont=\toks22
\MPscratchCnt=\count119
\MPscratchDim=\dimen141
\MPnumerator=\count120
\makeMPintoPDFobject=\count121
\everyMPtoPDFconversion=\toks23
) (/usr/local/texlive/2013/texmf-dist/tex/generic/oberdiek/pdftexcmds.sty
Package: pdftexcmds 2011/11/29 v0.20 Utility functions of pdfTeX for LuaTeX (HO
)

(/usr/local/texlive/2013/texmf-dist/tex/generic/oberdiek/ifluatex.sty
Package: ifluatex 2010/03/01 v1.3 Provides the ifluatex switch (HO)
Package ifluatex Info: LuaTeX not detected.
)
(/usr/local/texlive/2013/texmf-dist/tex/generic/oberdiek/ifpdf.sty
Package: ifpdf 2011/01/30 v2.3 Provides the ifpdf switch (HO)
Package ifpdf Info: pdfTeX in PDF mode is detected.
)
Package pdftexcmds Info: LuaTeX not detected.
Package pdftexcmds Info: \pdf@primitive is available.
Package pdftexcmds Info: \pdf@ifprimitive is available.
Package pdftexcmds Info: \pdfdraftmode found.
)
(/usr/local/texlive/2013/texmf-dist/tex/latex/oberdiek/epstopdf-base.sty
Package: epstopdf-base 2010/02/09 v2.5 Base part for package epstopdf

(/usr/local/texlive/2013/texmf-dist/tex/latex/oberdiek/grfext.sty
Package: grfext 2010/08/19 v1.1 Manage graphics extensions (HO)

(/usr/local/texlive/2013/texmf-dist/tex/generic/oberdiek/kvdefinekeys.sty
Package: kvdefinekeys 2011/04/07 v1.3 Define keys (HO)
))
(/usr/local/texlive/2013/texmf-dist/tex/latex/oberdiek/kvoptions.sty
Package: kvoptions 2011/06/30 v3.11 Key value format for package options (HO)

(/usr/local/texlive/2013/texmf-dist/tex/generic/oberdiek/kvsetkeys.sty
Package: kvsetkeys 2012/04/25 v1.16 Key value parser (HO)

(/usr/local/texlive/2013/texmf-dist/tex/generic/oberdiek/etexcmds.sty
Package: etexcmds 2011/02/16 v1.5 Avoid name clashes with e-TeX commands (HO)
Package etexcmds Info: Could not find \expanded.
(etexcmds)             That can mean that you are not using pdfTeX 1.50 or
(etexcmds)             that some package has redefined \expanded.
(etexcmds)             In the latter case, load this package earlier.
)))
Package grfext Info: Graphics extension search list:
(grfext)             [.png,.pdf,.jpg,.mps,.jpeg,.jbig2,.jb2,.PNG,.PDF,.JPG,.JPE
G,.JBIG2,.JB2,.eps]
(grfext)             \AppendGraphicsExtensions on input line 452.

(/usr/local/texlive/2013/texmf-dist/tex/latex/latexconfig/epstopdf-sys.cfg
File: epstopdf-sys.cfg 2010/07/13 v1.3 Configuration of (r)epstopdf for TeX Liv
e
))
LaTeX Info: Redefining \celsius on input line 37.
Package gensymb Info: Faking symbols for \degree and \celsius on input line 37.



Package gensymb Warning: Not defining \perthousand.

LaTeX Info: Redefining \ohm on input line 37.
Package gensymb Info: Using \Omega for \ohm on input line 37.

Package gensymb Warning: Not defining \micro.

Package caption Info: Begin \AtBeginDocument code.
Package caption Info: subfig package v1.3 is loaded.
Package caption Info: End \AtBeginDocument code.
LaTeX Font Info:    Try loading font information for OT1+phv on input line 76.
(/usr/local/texlive/2013/texmf-dist/tex/latex/psnfss/ot1phv.fd
File: ot1phv.fd 2001/06/04 scalable font definitions for OT1/phv.
)
LaTeX Font Info:    Font shape `OT1/phv/bx/n' in size <8> not available
(Font)              Font shape `OT1/phv/b/n' tried instead on input line 76.

** ATTENTION: \keywords is deprecated (line 76). Use \IEEEkeywords instead.
LaTeX Font Info:    Calculating math sizes for size <11> on input line 76.
LaTeX Font Info:    Try loading font information for U+msa on input line 76.
(/usr/local/texlive/2013/texmf-dist/tex/latex/amsfonts/umsa.fd
File: umsa.fd 2013/01/14 v3.01 AMS symbols A
)
LaTeX Font Info:    Try loading font information for U+msb on input line 76.

(/usr/local/texlive/2013/texmf-dist/tex/latex/amsfonts/umsb.fd
File: umsb.fd 2013/01/14 v3.01 AMS symbols B
)
LaTeX Font Info:    Try loading font information for U+pzd on input line 76.

(/usr/local/texlive/2013/texmf-dist/tex/latex/psnfss/upzd.fd
File: upzd.fd 2001/06/04 font definitions for U/pzd.
)
** ATTENTION: \keywords is deprecated (line 76). Use \IEEEkeywords instead.
LaTeX Font Info:    Font shape `OT1/phv/bx/n' in size <12> not available
(Font)              Font shape `OT1/phv/b/n' tried instead on input line 86.
LaTeX Font Info:    Font shape `OT1/phv/bx/sc' in size <12> not available
(Font)              Font shape `OT1/phv/b/sc' tried instead on input line 86.
LaTeX Font Info:    Font shape `OT1/phv/bx/n' in size <10> not available
(Font)              Font shape `OT1/phv/b/n' tried instead on input line 98.
LaTeX Font Info:    Font shape `OT1/phv/m/it' in size <10> not available
(Font)              Font shape `OT1/phv/m/sl' tried instead on input line 102.
[1{/usr/local/texlive/2013/texmf-var/fonts/map/pdftex/updmap/pdftex.map}


]
[2]

LaTeX Warning: Citation `gunes2011continuous' on page 3 undefined on input line
 145.


LaTeX Warning: Citation `karpouzis2007modeling' on page 3 undefined on input li
ne 155.

[3]

LaTeX Warning: Citation `shin2007facial' on page 4 undefined on input line 159.



LaTeX Warning: Citation `bahn1997facial' on page 4 undefined on input line 159.



LaTeX Warning: Citation `karpouzis2007modeling' on page 4 undefined on input li
ne 161.


LaTeX Warning: Citation `Caridakis2008' on page 4 undefined on input line 161.


LaTeX Warning: Citation `douglas2008sensitive' on page 4 undefined on input lin
e 161.


LaTeX Warning: Citation `kulic2007affective' on page 4 undefined on input line 
164.


LaTeX Warning: Citation `wollmer2010context' on page 4 undefined on input line 
172.


LaTeX Warning: Citation `kanluan2008audio' on page 4 undefined on input line 18
5.


LaTeX Warning: Citation `grimm2008vera' on page 4 undefined on input line 185.

[4]

LaTeX Warning: Citation `Hupont10' on page 5 undefined on input line 187.


LaTeX Warning: Citation `Whissell89' on page 5 undefined on input line 187.


LaTeX Warning: Citation `hall2009weka' on page 5 undefined on input line 187.


Underfull \hbox (badness 1454) in paragraph at lines 187--190
[]\OT1/ppl/m/n/10 Hupont et al. [\OT1/ppl/b/n/10 ?\OT1/ppl/m/n/10 ] in 2010 pre
-sented a sys-tem
 []


LaTeX Warning: Citation `nicolaou2011output' on page 5 undefined on input line 
191.


Underfull \hbox (badness 1466) in paragraph at lines 191--192
[]\OT1/ppl/m/n/10 In 2011, Nico-laou et al. [\OT1/ppl/b/n/10 ?\OT1/ppl/m/n/10 ]
 used the Output-
 []


LaTeX Warning: Citation `dahmane2011continuous' on page 5 undefined on input li
ne 195.


LaTeX Warning: Citation `mckeown2010semaine' on page 5 undefined on input line 
195.


LaTeX Warning: Citation `martinez2012model' on page 5 undefined on input line 1
97.


LaTeX Warning: Citation `grimm2008vera' on page 5 undefined on input line 199.


LaTeX Warning: Citation `lee2009modeling' on page 5 undefined on input line 199
.


LaTeX Warning: Citation `wollmer2008abandoning' on page 5 undefined on input li
ne 199.


LaTeX Warning: Citation `gunes2010dimensional' on page 5 undefined on input lin
e 199.


LaTeX Warning: Citation `merla2007thermal' on page 5 undefined on input line 19
9.


LaTeX Warning: Citation `nhan2010classifying' on page 5 undefined on input line
 199.


LaTeX Warning: Citation `schmidt2001human' on page 5 undefined on input line 20
5.


LaTeX Warning: Citation `valstar2006fully' on page 5 undefined on input line 20
7.


LaTeX Warning: Citation `friedman2000additive' on page 5 undefined on input lin
e 207.


LaTeX Warning: Citation `Pantic05' on page 5 undefined on input line 207.


LaTeX Warning: Citation `gunes2009automatic' on page 5 undefined on input line 
209.


LaTeX Warning: Citation `gunes2006bimodal' on page 5 undefined on input line 20
9.

[5]

LaTeX Warning: No positions in optional float specifier.
               Default added (so using `!tbp') on input line 218.

<figures/Ch4/IEMOCAP_marker_positions.jpg, id=28, 395.22656pt x 365.86688pt>
File: figures/Ch4/IEMOCAP_marker_positions.jpg Graphic file (type jpg)

<use figures/Ch4/IEMOCAP_marker_positions.jpg>
Package pdftex.def Info: figures/Ch4/IEMOCAP_marker_positions.jpg used on input
 line 220.
(pdftex.def)             Requested size: 157.4436pt x 145.74681pt.

Underfull \hbox (badness 2990) in paragraph at lines 233--234
[]\OT1/ppl/m/n/10 The evaluation-level lim-i-ta-tion of the se-lected
 []

[6 <./figures/Ch4/IEMOCAP_marker_positions.jpg>]
<figures/Ch5/full_face/0,0.png, id=33, 791.95876pt x 596.98032pt>
File: figures/Ch5/full_face/0,0.png Graphic file (type png)

<use figures/Ch5/full_face/0,0.png>
Package pdftex.def Info: figures/Ch5/full_face/0,0.png used on input line 256.
(pdftex.def)             Requested size: 98.3985pt x 74.16689pt.

<figures/Ch5/full_face/-30,6.png, id=34, 825.83531pt x 559.33969pt>
File: figures/Ch5/full_face/-30,6.png Graphic file (type png)

<use figures/Ch5/full_face/-30,6.png>
Package pdftex.def Info: figures/Ch5/full_face/-30,6.png used on input line 261
.
(pdftex.def)             Requested size: 98.3985pt x 66.63991pt.

<figures/Ch5/full_face/-60,6.png, id=35, 794.2172pt x 558.58687pt>
File: figures/Ch5/full_face/-60,6.png Graphic file (type png)

<use figures/Ch5/full_face/-60,6.png>
Package pdftex.def Info: figures/Ch5/full_face/-60,6.png used on input line 266
.
(pdftex.def)             Requested size: 98.3985pt x 69.20097pt.

<figures/Ch5/full_face/-90,0.png, id=36, 791.95876pt x 565.36218pt>
File: figures/Ch5/full_face/-90,0.png Graphic file (type png)

<use figures/Ch5/full_face/-90,0.png>
Package pdftex.def Info: figures/Ch5/full_face/-90,0.png used on input line 271
.
(pdftex.def)             Requested size: 98.3985pt x 70.23875pt.


LaTeX Warning: Citation `ayeshahakimshapemodelpaper' on page 7 undefined on inp
ut line 285.


LaTeX Warning: Citation `ayeshahakimshapemodels' on page 7 undefined on input l
ine 285.


LaTeX Warning: Citation `ayeshahakimshapemodels' on page 7 undefined on input l
ine 285.


LaTeX Warning: Citation `ACTORIZINGSPEAKER' on page 7 undefined on input line 2
97.


LaTeX Warning: Citation `LEXICALANDEMOTIONALVARIABILITIESOBSERVEDINFACIALEXPRES
SIONS' on page 7 undefined on input line 297.

[7]
Underfull \hbox (badness 10000) in paragraph at lines 308--309
[]\OT1/ppl/m/n/10 After speaker nor-mal-i-sa-tion, we re-train the
 []


Underfull \hbox (badness 10000) in paragraph at lines 308--309
\OT1/ppl/b/n/10 speaker-dependent model \OT1/ppl/m/n/10 on the nor-malised
 []


Underfull \hbox (badness 6364) in paragraph at lines 308--309
\OT1/cmr/m/n/10 30\OML/cmm/m/it/10 ; \OT1/cmr/m/n/10 000$ \OT1/ppl/m/n/10 frame
s con-tain-ing all emo-tions of one
 []


Underfull \hbox (badness 3148) in paragraph at lines 308--309
\OT1/ppl/m/n/10 all ex-clud-ing one speaker to get a nor-malised
 []


Underfull \hbox (badness 10000) in paragraph at lines 308--309
\OT1/ppl/m/n/10 face model, speaker-independent face model,
 []


Underfull \hbox (badness 8038) in paragraph at lines 308--309
\OT1/ppl/m/n/10 nor-malised speaker-dependent face model, and
 []


Underfull \hbox (badness 10000) in paragraph at lines 326--326
 \OT1/phv/b/n/10 3.3 Map-ping emo-tions into the activation-
 []

[8 <./figures/Ch5/full_face/0,0.png> <./figures/Ch5/full_face/-30,6.png> <./fig
ures/Ch5/full_face/-60,6.png> <./figures/Ch5/full_face/-90,0.png>]
Underfull \hbox (badness 5652) in paragraph at lines 346--347
\OT1/ppl/m/n/10 space, we cal-cu-lated the x-coordinates and y-
 []


LaTeX Warning: Citation `chang1996computation' on page 9 undefined on input lin
e 395.


LaTeX Warning: Citation `mardia1972statistics' on page 9 undefined on input lin
e 401.


LaTeX Warning: Citation `mardia1972statistics' on page 9 undefined on input lin
e 411.


LaTeX Warning: Citation `fisher1995statistical' on page 9 undefined on input li
ne 415.


Overfull \hbox (22.06584pt too wide) detected at line 423
[] \OT1/cmr/m/n/10 = []
 []


LaTeX Warning: Citation `fisher1995statistical' on page 9 undefined on input li
ne 432.


LaTeX Warning: Citation `mardia1972statistics' on page 9 undefined on input lin
e 432.

[9]

LaTeX Warning: Citation `Whissell89' on page 10 undefined on input line 440.

<figures/Ch6/emotion_space_model_4.png, id=55, 503.63156pt x 490.08093pt>
File: figures/Ch6/emotion_space_model_4.png Graphic file (type png)

<use figures/Ch6/emotion_space_model_4.png>
Package pdftex.def Info: figures/Ch6/emotion_space_model_4.png used on input li
ne 446.
(pdftex.def)             Requested size: 226.6321pt x 220.53438pt.


LaTeX Warning: Citation `jammalamadaka2001topics' on page 10 undefined on input
 line 454.


<figures/Ch6/joint_probability_density_function_curves.png, id=56, 814.54312pt 
x 485.56406pt>
File: figures/Ch6/joint_probability_density_function_curves.png Graphic file (t
ype png)
 <use figures/Ch6/joint_probability_density_function_curves.png>
Package pdftex.def Info: figures/Ch6/joint_probability_density_function_curves.
png used on input line 493.
(pdftex.def)             Requested size: 246.0pt x 146.64093pt.

<figures/Ch6/218_angry_von_mises_curve.png, id=57, 814.54312pt x 484.81125pt>
File: figures/Ch6/218_angry_von_mises_curve.png Graphic file (type png)

<use figures/Ch6/218_angry_von_mises_curve.png>
Package pdftex.def Info: figures/Ch6/218_angry_von_mises_curve.png used on inpu
t line 499.
(pdftex.def)             Requested size: 246.0pt x 146.41357pt.

Overfull \hbox (14.00024pt too wide) in paragraph at lines 493--500
 [][] 
 []

[10 <./figures/Ch6/emotion_space_model_4.png (PNG copy)>]
<figures/Ch6/comparison_dir_updated_2.png, id=61, 615.0478pt x 325.96782pt>
File: figures/Ch6/comparison_dir_updated_2.png Graphic file (type png)

<use figures/Ch6/comparison_dir_updated_2.png>
Package pdftex.def Info: figures/Ch6/comparison_dir_updated_2.png used on input
 line 513.
(pdftex.def)             Requested size: 246.0pt x 130.37984pt.

<figures/Ch6/comparison_int_updated_2.png, id=62, 615.0478pt x 325.96782pt>
File: figures/Ch6/comparison_int_updated_2.png Graphic file (type png)

<use figures/Ch6/comparison_int_updated_2.png>
Package pdftex.def Info: figures/Ch6/comparison_int_updated_2.png used on input
 line 518.
(pdftex.def)             Requested size: 246.0pt x 130.37984pt.

Overfull \hbox (14.00024pt too wide) in paragraph at lines 513--519
 [][] 
 []


LaTeX Warning: Citation `watson1982circular' on page 11 undefined on input line
 524.


LaTeX Warning: Citation `mardia1972statistics' on page 11 undefined on input li
ne 524.


LaTeX Warning: Citation `kuiper1960tests' on page 11 undefined on input line 53
8.


LaTeX Warning: Citation `mardia1972statistics' on page 11 undefined on input li
ne 538.


<figures/Ch6/separate_cdfs/cdf_with_ang_up1.png, id=63, 796.47563pt x 507.39563
pt>
File: figures/Ch6/separate_cdfs/cdf_with_ang_up1.png Graphic file (type png)
 <use figures/Ch6/separate_cdfs/cdf_with_ang_up1.png>
Package pdftex.def Info: figures/Ch6/separate_cdfs/cdf_with_ang_up1.png used on
 input line 548.
(pdftex.def)             Requested size: 147.6015pt x 94.0293pt.

<figures/Ch6/separate_cdfs/cdf_with_fru_up1.png, id=64, 805.50937pt x 507.39563
pt>
File: figures/Ch6/separate_cdfs/cdf_with_fru_up1.png Graphic file (type png)
 <use figures/Ch6/separate_cdfs/cdf_with_fru_up1.png>
Package pdftex.def Info: figures/Ch6/separate_cdfs/cdf_with_fru_up1.png used on
 input line 553.
(pdftex.def)             Requested size: 147.6015pt x 92.96861pt.

<figures/Ch6/separate_cdfs/cdf_with_hap_up1.png, id=65, 805.50937pt x 507.39563
pt>
File: figures/Ch6/separate_cdfs/cdf_with_hap_up1.png Graphic file (type png)
 <use figures/Ch6/separate_cdfs/cdf_with_hap_up1.png>
Package pdftex.def Info: figures/Ch6/separate_cdfs/cdf_with_hap_up1.png used on
 input line 559.
(pdftex.def)             Requested size: 147.6015pt x 92.96861pt.

<figures/Ch6/separate_cdfs/cdf_with_exc_up1.png, id=66, 805.50937pt x 507.39563
pt>
File: figures/Ch6/separate_cdfs/cdf_with_exc_up1.png Graphic file (type png)
 <use figures/Ch6/separate_cdfs/cdf_with_exc_up1.png>
Package pdftex.def Info: figures/Ch6/separate_cdfs/cdf_with_exc_up1.png used on
 input line 564.
(pdftex.def)             Requested size: 147.6015pt x 92.96861pt.

<figures/Ch6/separate_cdfs/cdf_with_sad_up1.png, id=67, 805.50937pt x 507.39563
pt>
File: figures/Ch6/separate_cdfs/cdf_with_sad_up1.png Graphic file (type png)
 <use figures/Ch6/separate_cdfs/cdf_with_sad_up1.png>
Package pdftex.def Info: figures/Ch6/separate_cdfs/cdf_with_sad_up1.png used on
 input line 570.
(pdftex.def)             Requested size: 147.6015pt x 92.96861pt.

Underfull \hbox (badness 1442) in paragraph at lines 576--577
\OT1/ppl/m/n/10 evaluation space. The colour vari-a-tion rep-re-sents
 []

<figures/Ch6/cont_emotion_transitions.png, id=68, 587.19376pt x 444.15938pt>
File: figures/Ch6/cont_emotion_transitions.png Graphic file (type png)

<use figures/Ch6/cont_emotion_transitions.png>
Package pdftex.def Info: figures/Ch6/cont_emotion_transitions.png used on input
 line 580.
(pdftex.def)             Requested size: 234.87334pt x 177.6606pt.

<figures/new_results/without_normalisation/Ses01F_impro01_actor1_full_map_not_0
_1.jpg, id=69, 562.1pt x 421.575pt>
File: figures/new_results/without_normalisation/Ses01F_impro01_actor1_full_map_
not_0_1.jpg Graphic file (type jpg)

<use figures/new_results/without_normalisation/Ses01F_impro01_actor1_full_map_n
ot_0_1.jpg>
Package pdftex.def Info: figures/new_results/without_normalisation/Ses01F_impro
01_actor1_full_map_not_0_1.jpg used on input line 613.
(pdftex.def)             Requested size: 246.0pt x 184.49649pt.

<figures/new_results/without_normalisation/Ses01F_impro01_actor2_10_full_map_no
t_0_1.jpg, id=70, 562.1pt x 421.575pt>
File: figures/new_results/without_normalisation/Ses01F_impro01_actor2_10_full_m
ap_not_0_1.jpg Graphic file (type jpg)

<use figures/new_results/without_normalisation/Ses01F_impro01_actor2_10_full_ma
p_not_0_1.jpg>
Package pdftex.def Info: figures/new_results/without_normalisation/Ses01F_impro
01_actor2_10_full_map_not_0_1.jpg used on input line 619.
(pdftex.def)             Requested size: 246.0pt x 184.49649pt.

Overfull \hbox (14.00024pt too wide) in paragraph at lines 613--620
 [][] 
 []


<figures/new_results/without_normalisation/Ses01F_impro01_actor1_neu_max.jpg, i
d=71, 894.34125pt x 421.575pt>
File: figures/new_results/without_normalisation/Ses01F_impro01_actor1_neu_max.j
pg Graphic file (type jpg)

<use figures/new_results/without_normalisation/Ses01F_impro01_actor1_neu_max.jp
g>
Package pdftex.def Info: figures/new_results/without_normalisation/Ses01F_impro
01_actor1_neu_max.jpg used on input line 631.
(pdftex.def)             Requested size: 246.0pt x 115.956pt.

<figures/new_results/without_normalisation/Ses01F_impro01_actor1.jpg, id=72, 12
29.59375pt x 421.575pt>
File: figures/new_results/without_normalisation/Ses01F_impro01_actor1.jpg Graph
ic file (type jpg)

<use figures/new_results/without_normalisation/Ses01F_impro01_actor1.jpg>
Package pdftex.def Info: figures/new_results/without_normalisation/Ses01F_impro
01_actor1.jpg used on input line 637.
(pdftex.def)             Requested size: 246.0pt x 84.33923pt.

Overfull \hbox (14.00024pt too wide) in paragraph at lines 631--638
 [][] 
 []


<figures/new_results/without_normalisation/Ses01F_impro01_actor2_10_neu_max.jpg
, id=73, 1282.7925pt x 421.575pt>
File: figures/new_results/without_normalisation/Ses01F_impro01_actor2_10_neu_ma
x.jpg Graphic file (type jpg)

<use figures/new_results/without_normalisation/Ses01F_impro01_actor2_10_neu_max
.jpg>
Package pdftex.def Info: figures/new_results/without_normalisation/Ses01F_impro
01_actor2_10_neu_max.jpg used on input line 649.
(pdftex.def)             Requested size: 246.0pt x 80.83983pt.

<figures/new_results/without_normalisation/Ses01F_impro01_actor2_10.jpg, id=74,
 562.1pt x 421.575pt>
File: figures/new_results/without_normalisation/Ses01F_impro01_actor2_10.jpg Gr
aphic file (type jpg)

<use figures/new_results/without_normalisation/Ses01F_impro01_actor2_10.jpg>
Package pdftex.def Info: figures/new_results/without_normalisation/Ses01F_impro
01_actor2_10.jpg used on input line 655.
(pdftex.def)             Requested size: 246.0pt x 184.49649pt.

Overfull \hbox (14.00024pt too wide) in paragraph at lines 649--656
 [][] 
 []


<figures/new_results/without_normalisation/Ses01F_impro01_gamma_emo.jpg, id=75,
 562.1pt x 421.575pt>
File: figures/new_results/without_normalisation/Ses01F_impro01_gamma_emo.jpg Gr
aphic file (type jpg)

<use figures/new_results/without_normalisation/Ses01F_impro01_gamma_emo.jpg>
Package pdftex.def Info: figures/new_results/without_normalisation/Ses01F_impro
01_gamma_emo.jpg used on input line 667.
(pdftex.def)             Requested size: 162.3609pt x 121.77116pt.

<figures/new_results/without_normalisation/Ses01F_impro01_gamma_emo_excluding_n
eu.jpg, id=76, 562.1pt x 421.575pt>
File: figures/new_results/without_normalisation/Ses01F_impro01_gamma_emo_exclud
ing_neu.jpg Graphic file (type jpg)

<use figures/new_results/without_normalisation/Ses01F_impro01_gamma_emo_excludi
ng_neu.jpg>
Package pdftex.def Info: figures/new_results/without_normalisation/Ses01F_impro
01_gamma_emo_excluding_neu.jpg used on input line 673.
(pdftex.def)             Requested size: 162.3609pt x 121.77116pt.

<figures/new_results/without_normalisation/Ses01F_impro01_gamma_neutral.jpg, id
=77, 562.1pt x 421.575pt>
File: figures/new_results/without_normalisation/Ses01F_impro01_gamma_neutral.jp
g Graphic file (type jpg)

<use figures/new_results/without_normalisation/Ses01F_impro01_gamma_neutral.jpg
>
Package pdftex.def Info: figures/new_results/without_normalisation/Ses01F_impro
01_gamma_neutral.jpg used on input line 679.
(pdftex.def)             Requested size: 162.3609pt x 121.77116pt.

Overfull \hbox (16.08307pt too wide) in paragraph at lines 667--680
 [][][] 
 []


<figures/new_results/with_ref_normalisation/Ses01F_impro01_actor1_full_map_not_
0_1_nomeans.jpg, id=78, 562.1pt x 421.575pt>
File: figures/new_results/with_ref_normalisation/Ses01F_impro01_actor1_full_map
_not_0_1_nomeans.jpg Graphic file (type jpg)

<use figures/new_results/with_ref_normalisation/Ses01F_impro01_actor1_full_map_
not_0_1_nomeans.jpg>
Package pdftex.def Info: figures/new_results/with_ref_normalisation/Ses01F_impr
o01_actor1_full_map_not_0_1_nomeans.jpg used on input line 693.
(pdftex.def)             Requested size: 246.0pt x 184.49649pt.

<figures/new_results/with_ref_normalisation/Ses01F_impro01_actor2_10_full_map_n
ot_0_1_nomeans.jpg, id=79, 562.1pt x 421.575pt>
File: figures/new_results/with_ref_normalisation/Ses01F_impro01_actor2_10_full_
map_not_0_1_nomeans.jpg Graphic file (type jpg)

<use figures/new_results/with_ref_normalisation/Ses01F_impro01_actor2_10_full_m
ap_not_0_1_nomeans.jpg>
Package pdftex.def Info: figures/new_results/with_ref_normalisation/Ses01F_impr
o01_actor2_10_full_map_not_0_1_nomeans.jpg used on input line 699.
(pdftex.def)             Requested size: 246.0pt x 184.49649pt.

Overfull \hbox (14.00024pt too wide) in paragraph at lines 693--700
 [][] 
 []


<figures/new_results/with_ref_normalisation/Ses01F_impro01_actor1_neu_max.jpg, 
id=80, 1269.74374pt x 421.575pt>
File: figures/new_results/with_ref_normalisation/Ses01F_impro01_actor1_neu_max.
jpg Graphic file (type jpg)

<use figures/new_results/with_ref_normalisation/Ses01F_impro01_actor1_neu_max.j
pg>
Package pdftex.def Info: figures/new_results/with_ref_normalisation/Ses01F_impr
o01_actor1_neu_max.jpg used on input line 711.
(pdftex.def)             Requested size: 246.0pt x 81.67609pt.

<figures/new_results/with_ref_normalisation/Ses01F_impro01_actor1.jpg, id=81, 5
62.1pt x 421.575pt>
File: figures/new_results/with_ref_normalisation/Ses01F_impro01_actor1.jpg Grap
hic file (type jpg)

<use figures/new_results/with_ref_normalisation/Ses01F_impro01_actor1.jpg>
Package pdftex.def Info: figures/new_results/with_ref_normalisation/Ses01F_impr
o01_actor1.jpg used on input line 717.
(pdftex.def)             Requested size: 246.0pt x 184.49649pt.

Overfull \hbox (14.00024pt too wide) in paragraph at lines 711--718
 [][] 
 []


<figures/new_results/with_ref_normalisation/Ses01F_impro01_actor2_10_neu_max.jp
g, id=82, 1276.77pt x 421.575pt>
File: figures/new_results/with_ref_normalisation/Ses01F_impro01_actor2_10_neu_m
ax.jpg Graphic file (type jpg)

<use figures/new_results/with_ref_normalisation/Ses01F_impro01_actor2_10_neu_ma
x.jpg>
Package pdftex.def Info: figures/new_results/with_ref_normalisation/Ses01F_impr
o01_actor2_10_neu_max.jpg used on input line 729.
(pdftex.def)             Requested size: 246.0pt x 81.2258pt.

<figures/new_results/with_ref_normalisation/Ses01F_impro01_actor2_10.jpg, id=83
, 562.1pt x 421.575pt>
File: figures/new_results/with_ref_normalisation/Ses01F_impro01_actor2_10.jpg G
raphic file (type jpg)

<use figures/new_results/with_ref_normalisation/Ses01F_impro01_actor2_10.jpg>
Package pdftex.def Info: figures/new_results/with_ref_normalisation/Ses01F_impr
o01_actor2_10.jpg used on input line 735.
(pdftex.def)             Requested size: 246.0pt x 184.49649pt.

Overfull \hbox (14.00024pt too wide) in paragraph at lines 729--736
 [][] 
 []


Underfull \vbox (badness 10000) has occurred while \output is active []

 [11 <./figures/Ch6/joint_probability_density_function_curves.png (PNG copy)> <
./figures/Ch6/218_angry_von_mises_curve.png (PNG copy)>] [12 <./figures/Ch6/com
parison_dir_updated_2.png (PNG copy)> <./figures/Ch6/comparison_int_updated_2.p
ng (PNG copy)> <./figures/Ch6/separate_cdfs/cdf_with_ang_up1.png (PNG copy)> <.
/figures/Ch6/separate_cdfs/cdf_with_fru_up1.png (PNG copy)> <./figures/Ch6/sepa
rate_cdfs/cdf_with_hap_up1.png (PNG copy)> <./figures/Ch6/separate_cdfs/cdf_wit
h_exc_up1.png (PNG copy)> <./figures/Ch6/separate_cdfs/cdf_with_sad_up1.png (PN
G copy)>]
[13 <./figures/new_results/without_normalisation/Ses01F_impro01_actor1_full_map
_not_0_1.jpg> <./figures/new_results/without_normalisation/Ses01F_impro01_actor
2_10_full_map_not_0_1.jpg> <./figures/new_results/without_normalisation/Ses01F_
impro01_actor1_neu_max.jpg> <./figures/new_results/without_normalisation/Ses01F
_impro01_actor1.jpg> <./figures/new_results/without_normalisation/Ses01F_impro0
1_actor2_10_neu_max.jpg> <./figures/new_results/without_normalisation/Ses01F_im
pro01_actor2_10.jpg>] [14 <./figures/new_results/without_normalisation/Ses01F_i
mpro01_gamma_emo.jpg> <./figures/new_results/without_normalisation/Ses01F_impro
01_gamma_emo_excluding_neu.jpg> <./figures/new_results/without_normalisation/Se
s01F_impro01_gamma_neutral.jpg> <./figures/new_results/with_ref_normalisation/S
es01F_impro01_actor1_full_map_not_0_1_nomeans.jpg> <./figures/new_results/with_
ref_normalisation/Ses01F_impro01_actor2_10_full_map_not_0_1_nomeans.jpg> <./fig
ures/new_results/with_ref_normalisation/Ses01F_impro01_actor1_neu_max.jpg> <./f
igures/new_results/with_ref_normalisation/Ses01F_impro01_actor1.jpg>]

LaTeX Warning: Citation `ritchie2009fading' on page 15 undefined on input line 
769.


LaTeX Warning: Citation `scherer2000psychological' on page 15 undefined on inpu
t line 769.


Underfull \hbox (badness 1484) in paragraph at lines 769--770
\OT1/ppl/m/n/10 gres-sion, ex-ter-nal stim-uli, and the way the face
 []


LaTeX Warning: Citation `terzopoulos1990physically' on page 15 undefined on inp
ut line 771.

[15 <./figures/new_results/with_ref_normalisation/Ses01F_impro01_actor2_10_neu_
max.jpg> <./figures/new_results/with_ref_normalisation/Ses01F_impro01_actor2_10
.jpg> <./figures/Ch6/cont_emotion_transitions.png (PNG copy)>]
<figures/Ch7/con_emo_traj_color_up.png, id=100, 714.41907pt x 492.33937pt>
File: figures/Ch7/con_emo_traj_color_up.png Graphic file (type png)

<use figures/Ch7/con_emo_traj_color_up.png>
Package pdftex.def Info: figures/Ch7/con_emo_traj_color_up.png used on input li
ne 779.
(pdftex.def)             Requested size: 246.0pt x 169.5267pt.

Overfull \hbox (6.0pt too wide) in paragraph at lines 779--780
 [][] 
 []


LaTeX Warning: Citation `qian2004hurst' on page 16 undefined on input line 807.



LaTeX Warning: Citation `ayeshahakimanalysispaper' on page 16 undefined on inpu
t line 813.


LaTeX Warning: Citation `ayeshahakimanalysispaper' on page 16 undefined on inpu
t line 815.

[16 <./figures/Ch7/con_emo_traj_color_up.png>]
<figures/Ch7/hurst_slope.png, id=107, 803.25093pt x 487.8225pt>
File: figures/Ch7/hurst_slope.png Graphic file (type png)

<use figures/Ch7/hurst_slope.png>
Package pdftex.def Info: figures/Ch7/hurst_slope.png used on input line 856.
(pdftex.def)             Requested size: 246.0pt x 149.39973pt.

Overfull \hbox (6.0pt too wide) in paragraph at lines 856--857
 [][] 
 []

<figures/Ch7/false_pos_color.png, id=108, 563.10374pt x 423.83344pt>
File: figures/Ch7/false_pos_color.png Graphic file (type png)

<use figures/Ch7/false_pos_color.png>
Package pdftex.def Info: figures/Ch7/false_pos_color.png used on input line 865
.
(pdftex.def)             Requested size: 246.0pt x 185.15504pt.

Overfull \hbox (6.0pt too wide) in paragraph at lines 865--866
 [][] 
 []


LaTeX Warning: Citation `blumberg1991patterns' on page 17 undefined on input li
ne 873.

[17 <./figures/Ch7/hurst_slope.png (PNG copy)> <./figures/Ch7/false_pos_color.p
ng (PNG copy)>]
<figures/Ch7/exc_fru_color.png, id=112, 569.12625pt x 423.08063pt>
File: figures/Ch7/exc_fru_color.png Graphic file (type png)

<use figures/Ch7/exc_fru_color.png>
Package pdftex.def Info: figures/Ch7/exc_fru_color.png used on input line 885.
(pdftex.def)             Requested size: 246.0pt x 182.87656pt.

<figures/Ch7/ang_fru_color.png, id=113, 568.37344pt x 423.08063pt>
File: figures/Ch7/ang_fru_color.png Graphic file (type png)

<use figures/Ch7/ang_fru_color.png>
Package pdftex.def Info: figures/Ch7/ang_fru_color.png used on input line 891.
(pdftex.def)             Requested size: 246.0pt x 183.11542pt.

Overfull \hbox (14.00024pt too wide) in paragraph at lines 885--892
 [][] 
 []


LaTeX Warning: Citation `terzopoulos1990physically' on page 18 undefined on inp
ut line 897.


Underfull \hbox (badness 1496) in paragraph at lines 1005--1006
\OT1/ppl/m/n/10 anger and frus-tra-tion, hap-pi-ness and ex-cite-ment,
 []

<figures/Ch7/6750_6950_change_1.png, id=114, 963.6pt x 532.99126pt>
File: figures/Ch7/6750_6950_change_1.png Graphic file (type png)

<use figures/Ch7/6750_6950_change_1.png>
Package pdftex.def Info: figures/Ch7/6750_6950_change_1.png used on input line 
1026.
(pdftex.def)             Requested size: 492.0pt x 272.131pt.
 [18]
Underfull \vbox (badness 10000) has occurred while \output is active []


Underfull \vbox (badness 10000) has occurred while \output is active []

 [19 <./figures/Ch7/exc_fru_color.png (PNG copy)> <./figures/Ch7/ang_fru_color.
png (PNG copy)>]

LaTeX Warning: Citation `blumberg1991patterns' on page 20 undefined on input li
ne 1044.


Underfull \vbox (badness 2277) has occurred while \output is active []

 [20 <./figures/Ch7/6750_6950_change_1.png (PNG copy)>]
(./draft_computational_modelling_paper.bbl [21])
** ATTENTION: \biography is deprecated (line 1080). Use \IEEEbiography instead.

<AHM.jpg, id=130, 253.94875pt x 387.4475pt>
File: AHM.jpg Graphic file (type jpg)
 <use AHM.jpg>
Package pdftex.def Info: AHM.jpg used on input line 1080.
(pdftex.def)             Requested size: 59.20909pt x 90.33482pt.
File: AHM.jpg Graphic file (type jpg)
 <use AHM.jpg>
Package pdftex.def Info: AHM.jpg used on input line 1080.
(pdftex.def)             Requested size: 59.20909pt x 90.33482pt.

Underfull \hbox (badness 7595) in paragraph at lines 1080--1083
[]\OT1/phv/b/n/8 Ayesha Hakim \OT1/phv/m/n/8 Ayesha Hakim has a
 []

** ATTENTION: \biography is deprecated (line 1085). Use \IEEEbiography instead.

<SRM.jpg, id=133, 229.85875pt x 262.9825pt>
File: SRM.jpg Graphic file (type jpg)
 <use SRM.jpg>
Package pdftex.def Info: SRM.jpg used on input line 1085.
(pdftex.def)             Requested size: 72.26909pt x 82.68341pt.
File: SRM.jpg Graphic file (type jpg)
 <use SRM.jpg>
Package pdftex.def Info: SRM.jpg used on input line 1085.
(pdftex.def)             Requested size: 72.26909pt x 82.68341pt.

** ATTENTION: \biography is deprecated (line 1090). Use \IEEEbiography instead.

<HWG.jpg, id=136, 1752.5475pt x 2327.69624pt>
File: HWG.jpg Graphic file (type jpg)
 <use HWG.jpg>
Package pdftex.def Info: HWG.jpg used on input line 1090.
(pdftex.def)             Requested size: 68.0041pt x 90.32161pt.
File: HWG.jpg Graphic file (type jpg)
 <use HWG.jpg>
Package pdftex.def Info: HWG.jpg used on input line 1090.
(pdftex.def)             Requested size: 68.0041pt x 90.32161pt.

[22 <./AHM.jpg> <./SRM.jpg> <./HWG.jpg>]
(./draft_computational_modelling_paper.aux)

LaTeX Warning: There were undefined references.


LaTeX Warning: There were multiply-defined labels.

 ) 
Here is how much of TeX's memory you used:
 5218 strings out of 493315
 87648 string characters out of 6137904
 162022 words of memory out of 5000000
 8523 multiletter control sequences out of 15000+600000
 51628 words of font info for 122 fonts, out of 8000000 for 9000
 957 hyphenation exceptions out of 8191
 44i,13n,47p,1423b,427s stack positions out of 5000i,500n,10000p,200000b,80000s
{/usr/local/texlive/2013/texmf-dist/fonts/enc/dvips/base/8r.enc}</usr/local/t
exlive/2013/texmf-dist/fonts/type1/public/amsfonts/cm/cmbx10.pfb></usr/local/te
xlive/2013/texmf-dist/fonts/type1/public/amsfonts/cm/cmex10.pfb></usr/local/tex
live/2013/texmf-dist/fonts/type1/public/amsfonts/cm/cmmi10.pfb></usr/local/texl
ive/2013/texmf-dist/fonts/type1/public/amsfonts/cm/cmmi5.pfb></usr/local/texliv
e/2013/texmf-dist/fonts/type1/public/amsfonts/cm/cmmi7.pfb></usr/local/texlive/
2013/texmf-dist/fonts/type1/public/amsfonts/cm/cmmi8.pfb></usr/local/texlive/20
13/texmf-dist/fonts/type1/public/amsfonts/cm/cmr10.pfb></usr/local/texlive/2013
/texmf-dist/fonts/type1/public/amsfonts/cm/cmr6.pfb></usr/local/texlive/2013/te
xmf-dist/fonts/type1/public/amsfonts/cm/cmr7.pfb></usr/local/texlive/2013/texmf
-dist/fonts/type1/public/amsfonts/cm/cmr8.pfb></usr/local/texlive/2013/texmf-di
st/fonts/type1/public/amsfonts/cm/cmsy10.pfb></usr/local/texlive/2013/texmf-dis
t/fonts/type1/public/amsfonts/cm/cmsy5.pfb></usr/local/texlive/2013/texmf-dist/
fonts/type1/public/amsfonts/cm/cmsy6.pfb></usr/local/texlive/2013/texmf-dist/fo
nts/type1/public/amsfonts/cm/cmsy7.pfb></usr/local/texlive/2013/texmf-dist/font
s/type1/public/amsfonts/cm/cmsy8.pfb></usr/local/texlive/2013/texmf-dist/fonts/
type1/urw/helvetic/uhvb8a.pfb></usr/local/texlive/2013/texmf-dist/fonts/type1/u
rw/helvetic/uhvr8a.pfb></usr/local/texlive/2013/texmf-dist/fonts/type1/urw/helv
etic/uhvro8a.pfb></usr/local/texlive/2013/texmf-dist/fonts/type1/urw/palatino/u
plb8a.pfb></usr/local/texlive/2013/texmf-dist/fonts/type1/urw/palatino/uplr8a.p
fb></usr/local/texlive/2013/texmf-dist/fonts/type1/urw/palatino/uplri8a.pfb></u
sr/local/texlive/2013/texmf-dist/fonts/type1/urw/zapfding/uzdr.pfb>
Output written on draft_computational_modelling_paper.pdf (22 pages, 3315036 by
tes).
PDF statistics:
 216 PDF objects out of 1000 (max. 8388607)
 121 compressed objects within 2 object streams
 0 named destinations out of 1000 (max. 500000)
 237 words of extra memory for PDF output out of 10000 (max. 10000000)

